<?xml version="1.0" encoding="UTF-8"?>
<testng-results skipped="0" failed="0" ignored="0" total="1" passed="1">
  <reporter-output>
  </reporter-output>
  <suite name="Default suite" duration-ms="66521" started-at="2019-01-06T21:14:36Z" finished-at="2019-01-06T21:15:42Z">
    <groups>
    </groups>
    <test name="Default test" duration-ms="66521" started-at="2019-01-06T21:14:36Z" finished-at="2019-01-06T21:15:42Z">
      <class name="Test.TestSecurity">
        <test-method status="PASS" signature="testSecurity()[pri:0, instance:Test.TestSecurity@59309333]" name="testSecurity" duration-ms="66096" started-at="2019-01-06T21:14:36Z" finished-at="2019-01-06T21:15:42Z">
          <reporter-output>
          </reporter-output>
        </test-method> <!-- testSecurity -->
      </class> <!-- Test.TestSecurity -->
    </test> <!-- Default test -->
  </suite> <!-- Default suite -->
</testng-results>
